<?xml version="1.0" encoding="UTF-8"?>
<!-- Generated by org.testng.reporters.JUnitXMLReporter -->
<testsuite ignored="1" hostname="user5" failures="0" tests="1" name="Default test(failed)" time="6.495" errors="0" timestamp="2024-11-07T11:08:05 IST">
  <testcase classname="testscripts.GoogleSearchTest" name="SeleniumSearchTest" time="2.93"/>
  <testcase classname="testscripts.GoogleSearchTest" name="JavaSearchTest" time="0.0">
    <ignored/>
  </testcase> <!-- JavaSearchTest -->
</testsuite> <!-- Default test(failed) -->
