<?xml version="1.0" encoding="UTF-8"?>
<!-- Generated by org.testng.reporters.JUnitXMLReporter -->
<testsuite ignored="0" hostname="user5" failures="2" tests="3" name="ModuleOneTest" time="21.524" errors="0" timestamp="2024-11-07T10:40:06 IST">
  <testcase classname="testscripts.GoogleSearchTest" name="JavaSearchTest" time="1.564">
    <failure type="java.lang.AssertionError" message="expected [Java Tutorial - Google Search] but found [java tutorial - Google Search]">
      <![CDATA[java.lang.AssertionError: expected [Java Tutorial - Google Search] but found [java tutorial - Google Search]
at testscripts.GoogleSearchTest.JavaSearchTest(GoogleSearchTest.java:32)
at java.base/java.util.ArrayList.forEach(ArrayList.java:1511)
... Removed 33 stack frames]]>
    </failure>
  </testcase> <!-- JavaSearchTest -->
  <testcase classname="testscripts.GoogleSearchTest" name="SeleniumSearchTest" time="3.981">
    <failure type="java.lang.AssertionError" message="expected [Selenium Tutorial - Google Search - Google Search] but found [Selenium Tutorial - Google Search]">
      <![CDATA[java.lang.AssertionError: expected [Selenium Tutorial - Google Search - Google Search] but found [Selenium Tutorial - Google Search]
at testscripts.GoogleSearchTest.SeleniumSearchTest(GoogleSearchTest.java:43)
at java.base/java.util.ArrayList.forEach(ArrayList.java:1511)
... Removed 33 stack frames]]>
    </failure>
  </testcase> <!-- SeleniumSearchTest -->
  <testcase classname="testscripts.LocatorTest" name="loginTest" time="8.708"/>
</testsuite> <!-- ModuleOneTest -->
