<?xml version="1.0" encoding="UTF-8"?>
<testng-results ignored="0" total="1" passed="1" failed="0" skipped="0">
  <reporter-output>
  </reporter-output>
  <suite started-at="2024-10-30T11:07:27 IST" name="Default suite" finished-at="2024-10-30T11:07:37 IST" duration-ms="9644">
    <groups>
    </groups>
    <test started-at="2024-10-30T11:07:27 IST" name="Default test" finished-at="2024-10-30T11:07:37 IST" duration-ms="9644">
      <class name="testscripts.WebTableTest">
        <test-method signature="TableTest()[pri:0, instance:testscripts.WebTableTest@57d7f8ca]" started-at="2024-10-30T11:07:27 IST" name="TableTest" finished-at="2024-10-30T11:07:37 IST" duration-ms="9571" status="PASS">
          <reporter-output>
          </reporter-output>
        </test-method> <!-- TableTest -->
      </class> <!-- testscripts.WebTableTest -->
    </test> <!-- Default test -->
  </suite> <!-- Default suite -->
</testng-results>
