<?xml version="1.0" encoding="UTF-8"?>
<testng-results ignored="0" total="4" passed="4" failed="0" skipped="0">
  <reporter-output>
  </reporter-output>
  <suite started-at="2024-11-07T12:00:26 IST" name="Default suite" finished-at="2024-11-07T12:00:42 IST" duration-ms="16100">
    <groups>
    </groups>
    <test started-at="2024-11-07T12:00:26 IST" name="Default test" finished-at="2024-11-07T12:00:42 IST" duration-ms="16100">
      <class name="testscripts.GoogleSearchTest">
        <test-method is-config="true" signature="setup()[pri:0, instance:testscripts.GoogleSearchTest@1b2abca6]" started-at="2024-11-07T12:00:26 IST" name="setup" finished-at="2024-11-07T12:00:29 IST" duration-ms="2870" status="PASS">
          <reporter-output>
          </reporter-output>
        </test-method> <!-- setup -->
        <test-method signature="AppiumSearchTest()[pri:0, instance:testscripts.GoogleSearchTest@1b2abca6]" started-at="2024-11-07T12:00:29 IST" name="AppiumSearchTest" finished-at="2024-11-07T12:00:33 IST" duration-ms="3508" status="PASS">
          <reporter-output>
          </reporter-output>
        </test-method> <!-- AppiumSearchTest -->
        <test-method signature="CucumberSearchTest()[pri:0, instance:testscripts.GoogleSearchTest@1b2abca6]" started-at="2024-11-07T12:00:33 IST" name="CucumberSearchTest" finished-at="2024-11-07T12:00:36 IST" duration-ms="3187" status="PASS">
          <reporter-output>
          </reporter-output>
        </test-method> <!-- CucumberSearchTest -->
        <test-method signature="SeleniumSearchTest()[pri:1, instance:testscripts.GoogleSearchTest@1b2abca6]" started-at="2024-11-07T12:00:36 IST" name="SeleniumSearchTest" finished-at="2024-11-07T12:00:39 IST" duration-ms="3171" status="PASS">
          <reporter-output>
          </reporter-output>
        </test-method> <!-- SeleniumSearchTest -->
        <test-method signature="JavaSearchTest()[pri:2, instance:testscripts.GoogleSearchTest@1b2abca6]" started-at="2024-11-07T12:00:39 IST" name="JavaSearchTest" finished-at="2024-11-07T12:00:42 IST" duration-ms="2992" status="PASS">
          <reporter-output>
          </reporter-output>
        </test-method> <!-- JavaSearchTest -->
        <test-method is-config="true" signature="tearDown()[pri:0, instance:testscripts.GoogleSearchTest@1b2abca6]" started-at="2024-11-07T12:00:42 IST" name="tearDown" finished-at="2024-11-07T12:00:42 IST" duration-ms="299" status="PASS">
          <reporter-output>
          </reporter-output>
        </test-method> <!-- tearDown -->
      </class> <!-- testscripts.GoogleSearchTest -->
    </test> <!-- Default test -->
  </suite> <!-- Default suite -->
</testng-results>
